<?xml version="1.0" encoding="UTF-8"?>
<!-- Generated by org.testng.reporters.JUnitXMLReporter -->
<testsuite ignored="2" hostname="Atul" failures="1" tests="5" name="Test(failed)" time="32.52" errors="0" timestamp="2022-07-24T18:11:06 IST">
  <testcase classname="mavenprojetdemos.ProjectDemoWebShop" name="@AfterMethod captureScreenShot" time="4.026">
    <failure type="org.openqa.selenium.WebDriverException" message="chrome not reachable
  (Session info: chrome=103.0.5060.134)
Build info: version: &amp;apos;3.141.59&amp;apos;, revision: &amp;apos;e82be7d358&amp;apos;, time: &amp;apos;2018-11-14T08:17:03&amp;apos;
System info: host: &amp;apos;ATUL&amp;apos;, ip: &amp;apos;192.168.43.124&amp;apos;, os.name: &amp;apos;Windows 8.1&amp;apos;, os.arch: &amp;apos;amd64&amp;apos;, os.version: &amp;apos;6.3&amp;apos;, java.version: &amp;apos;17.0.2&amp;apos;
Driver info: org.openqa.selenium.chrome.ChromeDriver
Capabilities {acceptInsecureCerts: false, browserName: chrome, browserVersion: 103.0.5060.134, chrome: {chromedriverVersion: 103.0.5060.53 (a1711811edd7..., userDataDir: C:\Users\PC\AppData\Local\T...}, goog:chromeOptions: {debuggerAddress: localhost:63286}, javascriptEnabled: true, networkConnectionEnabled: false, pageLoadStrategy: normal, platform: WINDOWS, platformName: WINDOWS, proxy: Proxy(), setWindowRect: true, strictFileInteractability: false, timeouts: {implicit: 0, pageLoad: 300000, script: 30000}, unhandledPromptBehavior: dismiss and notify, webauthn:extension:credBlob: true, webauthn:extension:largeBlob: true, webauthn:virtualAuthenticators: true}
Session ID: bf1ab65a5d15f1e483935ada84aa3049">
      <![CDATA[org.openqa.selenium.WebDriverException: chrome not reachable
  (Session info: chrome=103.0.5060.134)
Build info: version: '3.141.59', revision: 'e82be7d358', time: '2018-11-14T08:17:03'
System info: host: 'ATUL', ip: '192.168.43.124', os.name: 'Windows 8.1', os.arch: 'amd64', os.version: '6.3', java.version: '17.0.2'
Driver info: org.openqa.selenium.chrome.ChromeDriver
Capabilities {acceptInsecureCerts: false, browserName: chrome, browserVersion: 103.0.5060.134, chrome: {chromedriverVersion: 103.0.5060.53 (a1711811edd7..., userDataDir: C:\Users\PC\AppData\Local\T...}, goog:chromeOptions: {debuggerAddress: localhost:63286}, javascriptEnabled: true, networkConnectionEnabled: false, pageLoadStrategy: normal, platform: WINDOWS, platformName: WINDOWS, proxy: Proxy(), setWindowRect: true, strictFileInteractability: false, timeouts: {implicit: 0, pageLoad: 300000, script: 30000}, unhandledPromptBehavior: dismiss and notify, webauthn:extension:credBlob: true, webauthn:extension:largeBlob: true, webauthn:virtualAuthenticators: true}
Session ID: bf1ab65a5d15f1e483935ada84aa3049
at org.openqa.selenium.remote.http.W3CHttpResponseCodec.createException(W3CHttpResponseCodec.java:187)
at org.openqa.selenium.remote.http.W3CHttpResponseCodec.decode(W3CHttpResponseCodec.java:122)
at org.openqa.selenium.remote.http.W3CHttpResponseCodec.decode(W3CHttpResponseCodec.java:49)
at org.openqa.selenium.remote.HttpCommandExecutor.execute(HttpCommandExecutor.java:158)
at org.openqa.selenium.remote.service.DriverCommandExecutor.execute(DriverCommandExecutor.java:83)
at org.openqa.selenium.remote.RemoteWebDriver.execute(RemoteWebDriver.java:552)
at org.openqa.selenium.remote.RemoteWebDriver.execute(RemoteWebDriver.java:609)
at org.openqa.selenium.remote.RemoteWebDriver.getScreenshotAs(RemoteWebDriver.java:295)
at mavenprojetdemos.ProjectDemoWebShop.captureScreenShot(ProjectDemoWebShop.java:159)
at java.base/java.util.ArrayList.forEach(ArrayList.java:1511)
... Removed 37 stack frames]]>
    </failure>
  </testcase> <!-- @AfterMethod captureScreenShot -->
  <testcase classname="mavenprojetdemos.ProjectDemoWebShop" name="@BeforeMethod getCookies" time="-1.658666466409E9">
    <skipped/>
  </testcase> <!-- @BeforeMethod getCookies -->
  <testcase classname="mavenprojetdemos.ProjectDemoWebShop" name="@AfterMethod captureScreenShot" time="-1.658666466432E9">
    <skipped/>
  </testcase> <!-- @AfterMethod captureScreenShot -->
  <testcase classname="mavenprojetdemos.ProjectDemoWebShop" name="@BeforeMethod getCookies" time="-1.658666466435E9">
    <skipped/>
  </testcase> <!-- @BeforeMethod getCookies -->
  <testcase classname="mavenprojetdemos.ProjectDemoWebShop" name="@AfterMethod captureScreenShot" time="-1.658666466452E9">
    <skipped/>
  </testcase> <!-- @AfterMethod captureScreenShot -->
  <testcase classname="mavenprojetdemos.ProjectDemoWebShop" name="@BeforeMethod getCookies" time="-1.658666466461E9">
    <skipped/>
  </testcase> <!-- @BeforeMethod getCookies -->
  <testcase classname="mavenprojetdemos.ProjectDemoWebShop" name="@AfterMethod captureScreenShot" time="-1.658666466483E9">
    <skipped/>
  </testcase> <!-- @AfterMethod captureScreenShot -->
  <testcase classname="mavenprojetdemos.ProjectDemoWebShop" name="@BeforeMethod getCookies" time="-1.65866646649E9">
    <skipped/>
  </testcase> <!-- @BeforeMethod getCookies -->
  <testcase classname="mavenprojetdemos.ProjectDemoWebShop" name="@AfterMethod captureScreenShot" time="-1.65866646651E9">
    <skipped/>
  </testcase> <!-- @AfterMethod captureScreenShot -->
  <testcase classname="mavenprojetdemos.ProjectDemoWebShop" name="@AfterClass deleteCookies" time="-1.658666466518E9">
    <skipped/>
  </testcase> <!-- @AfterClass deleteCookies -->
  <testcase classname="mavenprojetdemos.ProjectDemoWebShop" name="@AfterTest dbClose" time="-1.658666466521E9">
    <skipped/>
  </testcase> <!-- @AfterTest dbClose -->
  <testcase classname="mavenprojetdemos.ProjectDemoWebShop" name="shoppingCart" time="15.516">
    <failure type="org.openqa.selenium.NoSuchElementException" message="Cannot locate an element using xpath=//select[@class=&amp;apos;country-input valid&amp;apos;]
For documentation on this error, please visit: https://www.seleniumhq.org/exceptions/no_such_element.html
Build info: version: &amp;apos;3.141.59&amp;apos;, revision: &amp;apos;e82be7d358&amp;apos;, time: &amp;apos;2018-11-14T08:17:03&amp;apos;
System info: host: &amp;apos;ATUL&amp;apos;, ip: &amp;apos;192.168.43.124&amp;apos;, os.name: &amp;apos;Windows 8.1&amp;apos;, os.arch: &amp;apos;amd64&amp;apos;, os.version: &amp;apos;6.3&amp;apos;, java.version: &amp;apos;17.0.2&amp;apos;
Driver info: driver.version: RemoteWebDriver">
      <![CDATA[org.openqa.selenium.NoSuchElementException: Cannot locate an element using xpath=//select[@class='country-input valid']
For documentation on this error, please visit: https://www.seleniumhq.org/exceptions/no_such_element.html
Build info: version: '3.141.59', revision: 'e82be7d358', time: '2018-11-14T08:17:03'
System info: host: 'ATUL', ip: '192.168.43.124', os.name: 'Windows 8.1', os.arch: 'amd64', os.version: '6.3', java.version: '17.0.2'
Driver info: driver.version: RemoteWebDriver
at org.openqa.selenium.remote.RemoteWebDriver.findElement(RemoteWebDriver.java:327)
at org.openqa.selenium.remote.RemoteWebDriver.findElementByXPath(RemoteWebDriver.java:428)
at org.openqa.selenium.By$ByXPath.findElement(By.java:353)
at org.openqa.selenium.remote.RemoteWebDriver.findElement(RemoteWebDriver.java:315)
at mavenprojetdemos.ProjectDemoWebShop.shoppingCart(ProjectDemoWebShop.java:79)
at java.base/java.util.ArrayList.forEach(ArrayList.java:1511)
... Removed 27 stack frames]]>
    </failure>
  </testcase> <!-- shoppingCart -->
  <testcase classname="mavenprojetdemos.ProjectDemoWebShop" name="billingAddress" time="0.0">
    <skipped/>
  </testcase> <!-- billingAddress -->
  <testcase classname="mavenprojetdemos.ProjectDemoWebShop" name="shippingAddress" time="0.0">
    <skipped/>
  </testcase> <!-- shippingAddress -->
  <testcase classname="mavenprojetdemos.ProjectDemoWebShop" name="payment" time="0.0">
    <skipped/>
  </testcase> <!-- payment -->
  <testcase classname="mavenprojetdemos.ProjectDemoWebShop" name="confirmOrder" time="0.0">
    <skipped/>
  </testcase> <!-- confirmOrder -->
  <testcase classname="mavenprojetdemos.ProjectDemoWebShop" name="aRegister" time="0.0">
    <ignored/>
  </testcase> <!-- aRegister -->
  <testcase classname="mavenprojetdemos.ProjectDemoWebShop" name="bContinue" time="0.0">
    <ignored/>
  </testcase> <!-- bContinue -->
</testsuite> <!-- Test(failed) -->
